#
# There is insufficient memory for the Java Runtime Environment to continue.
# Native memory allocation (mmap) failed to map 130023424 bytes for G1 virtual space
# Possible reasons:
#   The system is out of physical RAM or swap space
#   The process is running with CompressedOops enabled, and the Java Heap may be blocking the growth of the native heap
# Possible solutions:
#   Reduce memory load on the system
#   Increase physical memory or swap space
#   Check if swap backing store is full
#   Decrease Java heap size (-Xmx/-Xms)
#   Decrease number of Java threads
#   Decrease Java thread stack sizes (-Xss)
#   Set larger code cache with -XX:ReservedCodeCacheSize=
#   JVM is running with Unscaled Compressed Oops mode in which the Java heap is
#     placed in the first 4GB address space. The Java Heap base address is the
#     maximum limit for the native heap growth. Please use -XX:HeapBaseMinAddress
#     to set the Java Heap base and to place the Java Heap above 4GB virtual address.
# This output file may be truncated or incomplete.
#
#  Out of Memory Error (os_windows.cpp:3532), pid=10560, tid=14276
#
# JRE version:  (17.0.2+8) (build )
# Java VM: Java HotSpot(TM) 64-Bit Server VM (17.0.2+8-LTS-86, mixed mode, sharing, tiered, compressed oops, compressed class ptrs, g1 gc, windows-amd64)
# No core dump will be written. Minidumps are not enabled by default on client versions of Windows
#

---------------  S U M M A R Y ------------

Command Line: -Dclassworlds.conf=D:\netbean\NetBeans-15\netbeans\java\maven\bin\m2.conf -Dmaven.home=D:\netbean\NetBeans-15\netbeans\java\maven -Dlibrary.jansi.path=D:\netbean\NetBeans-15\netbeans\java\maven\lib\jansi-native -Dmaven.multiModuleProjectDirectory=D:\Test_duan\DuAnQLCuaHangDienThoai\CuaHangDienThoai org.codehaus.plexus.classworlds.launcher.Launcher -Dexec.vmArgs= -Dexec.args=${exec.vmArgs} -classpath %classpath ${exec.mainClass} ${exec.appArgs} -Dexec.executable=C:\Program Files\Java\jdk-17.0.2\bin\java.exe -Dexec.mainClass=swing.Thongke -Dexec.classpathScope=runtime -Dexec.appArgs= -Dmaven.ext.class.path=D:\netbean\NetBeans-15\netbeans\java\maven-nblib\netbeans-eventspy.jar -Dfile.encoding=UTF-8 org.codehaus.mojo:exec-maven-plugin:3.0.0:exec

Host: 11th Gen Intel(R) Core(TM) i5-1135G7 @ 2.40GHz, 8 cores, 7G,  Windows 10 , 64 bit Build 19041 (10.0.19041.2251)
Time: Wed Nov 30 04:42:01 2022 SE Asia Standard Time elapsed time: 0.019012 seconds (0d 0h 0m 0s)

---------------  T H R E A D  ---------------

Current thread (0x000001c6d2331290):  JavaThread "Unknown thread" [_thread_in_vm, id=14276, stack(0x000000365e600000,0x000000365e700000)]

Stack: [0x000000365e600000,0x000000365e700000]
Native frames: (J=compiled Java code, j=interpreted, Vv=VM code, C=native code)
V  [jvm.dll+0x670baa]
V  [jvm.dll+0x7cfcb4]
V  [jvm.dll+0x7d145e]
V  [jvm.dll+0x7d1ac3]
V  [jvm.dll+0x242bc5]
V  [jvm.dll+0x66dac9]
V  [jvm.dll+0x662412]
V  [jvm.dll+0x300c0b]
V  [jvm.dll+0x3081a6]
V  [jvm.dll+0x357d0e]
V  [jvm.dll+0x357f3f]
V  [jvm.dll+0x2d7ec8]
V  [jvm.dll+0x2d8e34]
V  [jvm.dll+0x7a18c1]
V  [jvm.dll+0x365a91]
V  [jvm.dll+0x780d2c]
V  [jvm.dll+0x3e845f]
V  [jvm.dll+0x3e9f01]
C  [jli.dll+0x527b]
C  [ucrtbase.dll+0x21bb2]
C  [KERNEL32.DLL+0x174b4]
C  [ntdll.dll+0x526a1]


---------------  P R O C E S S  ---------------

Threads class SMR info:
_java_thread_list=0x00007ff9f6849858, length=0, elements={
}

Java Threads: ( => current thread )

Other Threads:
  0x000001c6d236e580 GCTaskThread "GC Thread#0" [stack: 0x000000365e700000,0x000000365e800000] [id=4844]
  0x000001c6d237fb60 ConcurrentGCThread "G1 Main Marker" [stack: 0x000000365e800000,0x000000365e900000] [id=7800]
  0x000001c6d2380480 ConcurrentGCThread "G1 Conc#0" [stack: 0x000000365e900000,0x000000365ea00000] [id=18772]

[error occurred during error reporting (printing all threads), id 0xc0000005, EXCEPTION_ACCESS_VIOLATION (0xc0000005) at pc=0x00007ff9f60988a7]

VM state: not at safepoint (not fully initialized)

VM Mutex/Monitor currently owned by a thread:  ([mutex/lock_event])
[0x000001c6d232c040] Heap_lock - owner thread: 0x000001c6d2331290

Heap address: 0x0000000084400000, size: 1980 MB, Compressed Oops mode: 32-bit

CDS archive(s) mapped at: [0x0000000000000000-0x0000000000000000-0x0000000000000000), size 0, SharedBaseAddress: 0x0000000800000000, ArchiveRelocationMode: 0.
Narrow klass base: 0x0000000000000000, Narrow klass shift: 0, Narrow klass range: 0x0

GC Precious Log:
<Empty>

Heap:
 garbage-first heap   total 0K, used 0K [0x0000000084400000, 0x0000000100000000)
  region size 1024K, 0 young (0K), 0 survivors (0K)

[error occurred during error reporting (printing heap information), id 0xc0000005, EXCEPTION_ACCESS_VIOLATION (0xc0000005) at pc=0x00007ff9f6479f19]

GC Heap History (0 events):
No events

Deoptimization events (0 events):
No events

Classes unloaded (0 events):
No events

Classes redefined (0 events):
No events

Internal exceptions (0 events):
No events

VM Operations (0 events):
No events

Events (1 events):
Event: 0.010 Loaded shared library C:\Program Files\Java\jdk-17.0.2\bin\java.dll


Dynamic libraries:
0x00007ff647550000 - 0x00007ff647560000 	C:\Program Files\Java\jdk-17.0.2\bin\java.exe
0x00007ffa37c90000 - 0x00007ffa37e88000 	C:\Windows\SYSTEM32\ntdll.dll
0x00007ffa365a0000 - 0x00007ffa3665f000 	C:\Windows\System32\KERNEL32.DLL
0x00007ffa35790000 - 0x00007ffa35a62000 	C:\Windows\System32\KERNELBASE.dll
0x00007ffa35390000 - 0x00007ffa35490000 	C:\Windows\System32\ucrtbase.dll
0x00007ffa321d0000 - 0x00007ffa321ea000 	C:\Program Files\Java\jdk-17.0.2\bin\VCRUNTIME140.dll
0x00007ffa1d040000 - 0x00007ffa1d058000 	C:\Program Files\Java\jdk-17.0.2\bin\jli.dll
0x00007ffa37800000 - 0x00007ffa378ae000 	C:\Windows\System32\ADVAPI32.dll
0x00007ffa37b10000 - 0x00007ffa37bae000 	C:\Windows\System32\msvcrt.dll
0x00007ffa36da0000 - 0x00007ffa36e3c000 	C:\Windows\System32\sechost.dll
0x00007ffa37930000 - 0x00007ffa37a55000 	C:\Windows\System32\RPCRT4.dll
0x00007ffa35d80000 - 0x00007ffa35f1d000 	C:\Windows\System32\USER32.dll
0x00007ffa35a70000 - 0x00007ffa35a92000 	C:\Windows\System32\win32u.dll
0x00007ffa37c20000 - 0x00007ffa37c4b000 	C:\Windows\System32\GDI32.dll
0x00007ffa35bd0000 - 0x00007ffa35cdf000 	C:\Windows\System32\gdi32full.dll
0x00007ffa35b30000 - 0x00007ffa35bcd000 	C:\Windows\System32\msvcp_win.dll
0x00007ffa22c30000 - 0x00007ffa22eca000 	C:\Windows\WinSxS\amd64_microsoft.windows.common-controls_6595b64144ccf1df_6.0.19041.1110_none_60b5254171f9507e\COMCTL32.dll
0x00007ffa2c690000 - 0x00007ffa2c69a000 	C:\Windows\SYSTEM32\VERSION.dll
0x00007ffa35d40000 - 0x00007ffa35d72000 	C:\Windows\System32\IMM32.DLL
0x00007ffa321c0000 - 0x00007ffa321cc000 	C:\Program Files\Java\jdk-17.0.2\bin\vcruntime140_1.dll
0x00007ffa1cf20000 - 0x00007ffa1cfad000 	C:\Program Files\Java\jdk-17.0.2\bin\msvcp140.dll
0x00007ff9f5db0000 - 0x00007ff9f6971000 	C:\Program Files\Java\jdk-17.0.2\bin\server\jvm.dll
0x00007ffa36660000 - 0x00007ffa36668000 	C:\Windows\System32\PSAPI.DLL
0x00007ffa321f0000 - 0x00007ffa321f9000 	C:\Windows\SYSTEM32\WSOCK32.dll
0x00007ffa15df0000 - 0x00007ffa15e17000 	C:\Windows\SYSTEM32\WINMM.dll
0x00007ffa37bb0000 - 0x00007ffa37c1b000 	C:\Windows\System32\WS2_32.dll
0x00007ffa33be0000 - 0x00007ffa33bf2000 	C:\Windows\SYSTEM32\kernel.appcore.dll
0x00007ffa32170000 - 0x00007ffa3217a000 	C:\Program Files\Java\jdk-17.0.2\bin\jimage.dll
0x00007ffa32f80000 - 0x00007ffa33164000 	C:\Windows\SYSTEM32\DBGHELP.DLL
0x00007ffa149a0000 - 0x00007ffa149cc000 	C:\Windows\SYSTEM32\dbgcore.DLL
0x00007ffa35aa0000 - 0x00007ffa35b22000 	C:\Windows\System32\bcryptPrimitives.dll
0x00007ffa30c60000 - 0x00007ffa30c85000 	C:\Program Files\Java\jdk-17.0.2\bin\java.dll

dbghelp: loaded successfully - version: 4.0.5 - missing functions: none
symbol engine: initialized successfully - sym options: 0x614 - pdb path: .;C:\Program Files\Java\jdk-17.0.2\bin;C:\Windows\SYSTEM32;C:\Windows\WinSxS\amd64_microsoft.windows.common-controls_6595b64144ccf1df_6.0.19041.1110_none_60b5254171f9507e;C:\Program Files\Java\jdk-17.0.2\bin\server

VM Arguments:
jvm_args: -Dclassworlds.conf=D:\netbean\NetBeans-15\netbeans\java\maven\bin\m2.conf -Dmaven.home=D:\netbean\NetBeans-15\netbeans\java\maven -Dlibrary.jansi.path=D:\netbean\NetBeans-15\netbeans\java\maven\lib\jansi-native -Dmaven.multiModuleProjectDirectory=D:\Test_duan\DuAnQLCuaHangDienThoai\CuaHangDienThoai 
java_command: org.codehaus.plexus.classworlds.launcher.Launcher -Dexec.vmArgs= -Dexec.args=${exec.vmArgs} -classpath %classpath ${exec.mainClass} ${exec.appArgs} -Dexec.executable=C:\Program Files\Java\jdk-17.0.2\bin\java.exe -Dexec.mainClass=swing.Thongke -Dexec.classpathScope=runtime -Dexec.appArgs= -Dmaven.ext.class.path=D:\netbean\NetBeans-15\netbeans\java\maven-nblib\netbeans-eventspy.jar -Dfile.encoding=UTF-8 org.codehaus.mojo:exec-maven-plugin:3.0.0:exec
java_class_path (initial): D:\netbean\NetBeans-15\netbeans\java\maven\boot\plexus-classworlds-2.6.0.jar
Launcher Type: SUN_STANDARD

[Global flags]
     intx CICompilerCount                          = 4                                         {product} {ergonomic}
     uint ConcGCThreads                            = 2                                         {product} {ergonomic}
     uint G1ConcRefinementThreads                  = 8                                         {product} {ergonomic}
   size_t G1HeapRegionSize                         = 1048576                                   {product} {ergonomic}
    uintx GCDrainStackTargetSize                   = 64                                        {product} {ergonomic}
   size_t InitialHeapSize                          = 130023424                                 {product} {ergonomic}
   size_t MarkStackSize                            = 4194304                                   {product} {ergonomic}
   size_t MaxHeapSize                              = 2076180480                                {product} {ergonomic}
   size_t MinHeapDeltaBytes                        = 1048576                                   {product} {ergonomic}
   size_t MinHeapSize                              = 8388608                                   {product} {ergonomic}
    uintx NonNMethodCodeHeapSize                   = 5839372                                {pd product} {ergonomic}
    uintx NonProfiledCodeHeapSize                  = 122909434                              {pd product} {ergonomic}
    uintx ProfiledCodeHeapSize                     = 122909434                              {pd product} {ergonomic}
    uintx ReservedCodeCacheSize                    = 251658240                              {pd product} {ergonomic}
     bool SegmentedCodeCache                       = true                                      {product} {ergonomic}
   size_t SoftMaxHeapSize                          = 2076180480                             {manageable} {ergonomic}
     bool UseCompressedClassPointers               = true                           {product lp64_product} {ergonomic}
     bool UseCompressedOops                        = true                           {product lp64_product} {ergonomic}
     bool UseG1GC                                  = true                                      {product} {ergonomic}
     bool UseLargePagesIndividualAllocation        = false                                  {pd product} {ergonomic}

Logging:
Log output configuration:
 #0: stdout all=warning uptime,level,tags
 #1: stderr all=off uptime,level,tags

Environment Variables:
JAVA_HOME=C:\Program Files\Java\jdk-17.0.2
PATH=C:\Program Files\Common Files\Oracle\Java\javapath;C:\Windows\system32;C:\Windows;C:\Windows\System32\Wbem;C:\Windows\System32\WindowsPowerShell\v1.0\;C:\Windows\System32\OpenSSH\;C:\Program Files\Java\jdk-17.0.2\bin;C:\Program Files\Microsoft SQL Server\Client SDK\ODBC\170\Tools\Binn\;C:\Program Files (x86)\Microsoft SQL Server\150\Tools\Binn\;C:\Program Files\Microsoft SQL Server\150\Tools\Binn\;C:\Program Files\Microsoft SQL Server\150\DTS\Binn\;C:\Program Files (x86)\Microsoft SQL Server\150\DTS\Binn\;C:\Program Files\Azure Data Studio\bin;D:\Git\cmd;D:\Node Js\;C:\Program Files\Git\cmd;C:\Users\Admin\AppData\Local\Microsoft\WindowsApps;C:\Users\Admin\AppData\Local\Programs\Microsoft VS Code\bin;C:\Program Files\Azure Data Studio\bin;C:\Users\Admin\AppData\Local\GitHubDesktop\bin;C:\Users\Admin\AppData\Roaming\npm
USERNAME=Admin
OS=Windows_NT
PROCESSOR_IDENTIFIER=Intel64 Family 6 Model 140 Stepping 1, GenuineIntel



---------------  S Y S T E M  ---------------

OS:
 Windows 10 , 64 bit Build 19041 (10.0.19041.2251)
OS uptime: 0 days 5:31 hours

CPU: total 8 (initial active 8) (4 cores per cpu, 2 threads per core) family 6 model 140 stepping 1 microcode 0xa4, cx8, cmov, fxsr, ht, mmx, 3dnowpref, sse, sse2, sse3, ssse3, sse4.1, sse4.2, popcnt, lzcnt, tsc, tscinvbit, avx, avx2, aes, erms, clmul, bmi1, bmi2, adx, avx512f, avx512dq, avx512cd, avx512bw, avx512vl, sha, fma, vzeroupper, avx512_vpopcntdq, avx512_vpclmulqdq, avx512_vaes, avx512_vnni, clflush, clflushopt, clwb, avx512_vbmi2, avx512_vbmi

Memory: 4k page, system-wide physical 7914M (500M free)
TotalPageFile size 19475M (AvailPageFile size 62M)
current process WorkingSet (physical memory assigned to process): 10M, peak: 10M
current process commit charge ("private bytes"): 60M, peak: 183M

vm_info: Java HotSpot(TM) 64-Bit Server VM (17.0.2+8-LTS-86) for windows-amd64 JRE (17.0.2+8-LTS-86), built on Dec  7 2021 21:51:03 by "mach5one" with MS VC++ 16.8 / 16.9 (VS2019)

END.
